2017-11-14T22:42:15.022191	a4:84:31:34:48:ad	Samsung Electronics Co.,Ltd	ChulaWiFi	-63
2017-11-14T22:42:16.004212	a4:84:31:34:48:ad	Samsung Electronics Co.,Ltd	ChulaWiFi	-61
2017-11-14T22:42:24.423537	a4:84:31:34:48:ad	Samsung Electronics Co.,Ltd	ChulaWiFi	-63
2017-11-14T22:42:24.461646	a4:84:31:34:48:ad	Samsung Electronics Co.,Ltd	ChulaWiFi	-63
2017-11-14T22:42:26.165398	a4:84:31:34:48:ad	Samsung Electronics Co.,Ltd	ChulaWiFi	-63
2017-11-14T22:42:26.796286	30:10:b3:1e:cc:53	Liteon Technology Corporation	ChulaWiFi	-49
2017-11-14T22:42:26.816110	30:10:b3:1e:cc:53	Liteon Technology Corporation	ChulaWiFi	-49
2017-11-14T22:42:48.467099	a4:84:31:34:48:ad	Samsung Electronics Co.,Ltd	ChulaWiFi	-67
2017-11-14T22:42:51.584698	a4:84:31:34:48:ad	Samsung Electronics Co.,Ltd	ChulaWiFi	-59
2017-11-14T22:42:51.694101	a4:84:31:34:48:ad	Samsung Electronics Co.,Ltd	ChulaWiFi	-61
2017-11-14T22:42:53.041356	a4:84:31:34:48:ad	Samsung Electronics Co.,Ltd	ChulaWiFi	-57
2017-11-14T22:42:53.075941	a4:84:31:34:48:ad	Samsung Electronics Co.,Ltd	ChulaWiFi	-57
2017-11-14T22:42:57.573304	48:d2:24:5a:2f:e8	Liteon Technology Corporation		-73
2017-11-14T22:42:57.687395	48:d2:24:5a:2f:e8	Liteon Technology Corporation		-73
2017-11-14T22:42:58.340670	2c:f0:a2:73:b7:0f	Apple, Inc.	ChulaWiFi	-71
2017-11-14T22:42:59.588027	2c:f0:a2:73:b7:0f	Apple, Inc.		-69
2017-11-14T22:42:59.642592	2c:f0:a2:73:b7:0f	Apple, Inc.		-71
2017-11-14T22:43:05.267925	a4:84:31:34:48:ad	Samsung Electronics Co.,Ltd		-61
2017-11-14T22:43:05.312057	a4:84:31:34:48:ad	Samsung Electronics Co.,Ltd		-61
2017-11-14T22:43:11.220318	a4:84:31:34:48:ad	Samsung Electronics Co.,Ltd	ChulaWiFi	-63
2017-11-14T22:43:11.281358	a4:84:31:34:48:ad	Samsung Electronics Co.,Ltd	ChulaWiFi	-59
2017-11-14T22:43:12.581197	b8:27:eb:48:63:43	Raspberry Pi Foundation		-3
2017-11-14T22:43:12.620746	b8:27:eb:48:63:43	Raspberry Pi Foundation		-3
2017-11-14T22:43:12.833955	b8:27:eb:48:63:43	Raspberry Pi Foundation		-13
2017-11-14T22:43:12.849450	b8:27:eb:48:63:43	Raspberry Pi Foundation		-13
2017-11-14T22:43:13.025317	b8:27:eb:48:63:43	Raspberry Pi Foundation		-33
2017-11-14T22:43:13.069308	b8:27:eb:48:63:43	Raspberry Pi Foundation		-37
2017-11-14T22:43:13.091644	b8:27:eb:48:63:43	Raspberry Pi Foundation		-37
2017-11-14T22:43:14.975885	a4:84:31:34:48:ad	Samsung Electronics Co.,Ltd	ChulaWiFi	-77
2017-11-14T22:43:15.011547	a4:84:31:34:48:ad	Samsung Electronics Co.,Ltd	ChulaWiFi	-57
2017-11-14T22:43:15.329878	68:07:15:d1:10:5a	Intel Corporate	ChulaWiFi	-71
2017-11-14T22:43:15.359423	68:07:15:d1:10:5a	Intel Corporate		-71
2017-11-14T22:43:16.856115	a4:84:31:34:48:ad	Samsung Electronics Co.,Ltd	ChulaWiFi	-57
2017-11-14T22:43:16.902537	a4:84:31:34:48:ad	Samsung Electronics Co.,Ltd	ChulaWiFi	-57
2017-11-14T22:43:19.433279	a4:84:31:34:48:ad	Samsung Electronics Co.,Ltd	ChulaWiFi	-65
2017-11-14T22:43:19.472734	a4:84:31:34:48:ad	Samsung Electronics Co.,Ltd	ChulaWiFi	-65
2017-11-14T22:43:21.008662	a0:88:69:81:92:aa	Intel Corporate		-17
2017-11-14T22:43:21.154774	a0:88:69:81:92:aa	Intel Corporate		-27
2017-11-14T22:43:28.345164	a4:84:31:34:48:ad	Samsung Electronics Co.,Ltd	ChulaWiFi	-47
2017-11-14T22:43:28.392848	a4:84:31:34:48:ad	Samsung Electronics Co.,Ltd	ChulaWiFi	-47
2017-11-14T22:43:38.024716	a4:84:31:34:48:ad	Samsung Electronics Co.,Ltd	ChulaWiFi	-49
2017-11-14T22:43:38.060863	a4:84:31:34:48:ad	Samsung Electronics Co.,Ltd	ChulaWiFi	-51
2017-11-14T22:43:47.055463	a8:88:08:26:aa:ee	Apple, Inc.	eduroam	-29
2017-11-14T22:43:47.078993	a8:88:08:26:aa:ee	Apple, Inc.	eduroam	-29
2017-11-14T22:43:47.819867	a4:84:31:34:48:ad	Samsung Electronics Co.,Ltd	ChulaWiFi	-51
2017-11-14T22:43:47.895125	a4:84:31:34:48:ad	Samsung Electronics Co.,Ltd	ChulaWiFi	-49
2017-11-14T22:43:53.848435	a4:84:31:34:48:ad	Samsung Electronics Co.,Ltd	ChulaWiFi	-53
2017-11-14T22:43:53.885119	a4:84:31:34:48:ad	Samsung Electronics Co.,Ltd	ChulaWiFi	-53
2017-11-14T22:45:12.627138,b8:27:eb:48:63:43,Raspberry Pi Foundation,,-3
2017-11-14T22:45:13.794862,b8:27:eb:48:63:43,Raspberry Pi Foundation,,-5
2017-11-14T22:45:14.719063,2c:f0:a2:73:b7:0f,Apple, Inc.,,-69
2017-11-14T22:45:14.771207,2c:f0:a2:73:b7:0f,Apple, Inc.,,-69
2017-11-14T22:45:18.454923,2c:f0:a2:73:b7:0f,Apple, Inc.,ChulaWiFi,-69
2017-11-14T22:45:18.472039,2c:f0:a2:73:b7:0f,Apple, Inc.,ChulaWiFi,-67
2017-11-14T22:45:18.621965,2c:f0:a2:73:b7:0f,Apple, Inc.,ChulaWiFi,-69
2017-11-14T22:45:18.644017,2c:f0:a2:73:b7:0f,Apple, Inc.,ChulaWiFi,-67
2017-11-14T22:45:24.910166,a4:84:31:34:48:ad,Samsung Electronics Co.,Ltd,ChulaWiFi,-53
2017-11-14T22:45:24.955981,a4:84:31:34:48:ad,Samsung Electronics Co.,Ltd,ChulaWiFi,-53
2017-11-14T22:45:31.447185,a4:84:31:34:48:ad,Samsung Electronics Co.,Ltd,ChulaWiFi,-55
2017-11-14T22:45:49.257876,a4:84:31:34:48:ad,Samsung Electronics Co.,Ltd,ChulaWiFi,-57
2017-11-14T22:45:53.552929,a4:84:31:34:48:ad,Samsung Electronics Co.,Ltd,,-57
2017-11-14T22:45:53.657619,a4:84:31:34:48:ad,Samsung Electronics Co.,Ltd,,-57
2017-11-14T22:45:55.499031,a0:88:69:81:92:aa,Intel Corporate,ChulaWiFi,-17
2017-11-14T22:45:55.559155,a0:88:69:81:92:aa,Intel Corporate,ChulaWiFi,-27
2017-11-14T22:46:17.552269, a4:84:31:34:48:ad, Samsung Electronics Co.,Ltd, ChulaWiFi, -57
2017-11-14T22:46:18.524971, a4:84:31:34:48:ad, Samsung Electronics Co.,Ltd, ChulaWiFi, -59
2017-11-14T22:46:22.443778, b4:8b:19:6c:ef:5b, Apple, Inc., ChulaWiFi, -71
2017-11-14T22:46:22.515108, b4:8b:19:6c:ef:5b, Apple, Inc., ChulaWiFi, -73
2017-11-14T22:46:30.719958, a4:84:31:34:48:ad, Samsung Electronics Co.,Ltd, ChulaWiFi, -51
2017-11-14T22:46:30.794225, a4:84:31:34:48:ad, Samsung Electronics Co.,Ltd, ChulaWiFi, -51
2017-11-14T22:46:33.219668, a4:84:31:34:48:ad, Samsung Electronics Co.,Ltd, ChulaWiFi, -57
2017-11-14T22:46:33.264716, a4:84:31:34:48:ad, Samsung Electronics Co.,Ltd, ChulaWiFi, -57
2017-11-14T22:46:34.693313, 30:10:b3:1e:cc:53, Liteon Technology Corporation, ChulaWiFi, -49
2017-11-14T22:46:34.714703, 30:10:b3:1e:cc:53, Liteon Technology Corporation, ChulaWiFi, -49
2017-11-14T22:46:36.017067, a4:84:31:34:48:ad, Samsung Electronics Co.,Ltd, ChulaWiFi, -55
2017-11-14T22:46:36.039867, a4:84:31:34:48:ad, Samsung Electronics Co.,Ltd, ChulaWiFi, -55
2017-11-14T22:46:38.650958, a4:84:31:34:48:ad, Samsung Electronics Co.,Ltd, ChulaWiFi, -57
2017-11-14T22:46:38.688471, a4:84:31:34:48:ad, Samsung Electronics Co.,Ltd, ChulaWiFi, -59
2017-11-14T22:46:39.060500, 1c:23:2c:09:9b:37, Samsung Electronics Co.,Ltd, , -65
2017-11-14T22:46:39.112057, 1c:23:2c:09:9b:37, Samsung Electronics Co.,Ltd, , -61
2017-11-14T22:46:40.620482, b4:8b:19:6c:ef:5b, Apple, Inc., ChulaWiFi, -73
2017-11-14T22:46:40.674299, b4:8b:19:6c:ef:5b, Apple, Inc., ChulaWiFi, -69
2017-11-14T22:46:40.966804, b4:8b:19:6c:ef:5b, Apple, Inc., ChulaWiFi, -71
2017-11-14T22:46:47.900427, a8:88:08:26:aa:ee, Apple, Inc., , -37
2017-11-14T22:46:47.946147, a8:88:08:26:aa:ee, Apple, Inc., , -35
2017-11-14T22:46:48.206806, ec:1f:72:de:44:2d, SAMSUNG ELECTRO-MECHANICS(THAILAND), ChulaWiFi, -71
2017-11-14T22:46:48.227157, ec:1f:72:de:44:2d, SAMSUNG ELECTRO-MECHANICS(THAILAND), ChulaWiFi, -73
2017-11-14T22:46:48.783373, 48:d2:24:5a:2f:e8, Liteon Technology Corporation, , -69
2017-11-14T22:46:48.855766, 48:d2:24:5a:2f:e8, Liteon Technology Corporation, , -69
2017-11-14T22:46:51.268050, a4:84:31:34:48:ad, Samsung Electronics Co.,Ltd, ChulaWiFi, -59
2017-11-14T22:46:51.292315, a4:84:31:34:48:ad, Samsung Electronics Co.,Ltd, ChulaWiFi, -57
2017-11-14T22:46:58.866511, ec:1f:72:de:44:2d, SAMSUNG ELECTRO-MECHANICS(THAILAND), ChulaWiFi, -69
2017-11-14T22:46:58.908331, ec:1f:72:de:44:2d, SAMSUNG ELECTRO-MECHANICS(THAILAND), ChulaWiFi, -69
2017-11-14T22:46:59.416876, a4:84:31:34:48:ad, Samsung Electronics Co.,Ltd, ChulaWiFi, -55
2017-11-14T22:46:59.443256, a4:84:31:34:48:ad, Samsung Electronics Co.,Ltd, ChulaWiFi, -57
2017-11-14T22:47:02.673891, a4:84:31:34:48:ad, Samsung Electronics Co.,Ltd, ChulaWiFi, -59
2017-11-14T22:47:02.708572, a4:84:31:34:48:ad, Samsung Electronics Co.,Ltd, ChulaWiFi, -59
2017-11-14T22:47:12.712662, b8:27:eb:48:63:43, Raspberry Pi Foundation, , -3
2017-11-14T22:47:15.037077, a4:84:31:34:48:ad, Samsung Electronics Co.,Ltd, ChulaWiFi, -59
2017-11-14T22:47:15.081625, a4:84:31:34:48:ad, Samsung Electronics Co.,Ltd, ChulaWiFi, -61
2017-11-14T22:47:21.004468, a0:88:69:81:92:aa, Intel Corporate, , -15
2017-11-14T22:47:21.041269, a0:88:69:81:92:aa, Intel Corporate, , -17
2017-11-14T22:47:21.133868, a0:88:69:81:92:aa, Intel Corporate, , -27
2017-11-14T22:47:22.487304, ec:1f:72:de:44:2d, SAMSUNG ELECTRO-MECHANICS(THAILAND), ChulaWiFi, -71
2017-11-14T22:47:22.947947, a4:84:31:34:48:ad, Samsung Electronics Co.,Ltd, ChulaWiFi, -57
2017-11-14T22:47:22.968291, a4:84:31:34:48:ad, Samsung Electronics Co.,Ltd, ChulaWiFi, -55
2017-11-14T22:47:23.714364, a4:84:31:34:48:ad, Samsung Electronics Co.,Ltd, , -59
2017-11-14T22:47:23.778650, a4:84:31:34:48:ad, Samsung Electronics Co.,Ltd, , -59
2017-11-14T22:47:28.739740, a4:84:31:34:48:ad, Samsung Electronics Co.,Ltd, , -57
2017-11-14T22:47:28.787597, a4:84:31:34:48:ad, Samsung Electronics Co.,Ltd, , -57
2017-11-14T22:47:29.615960, 2c:f0:a2:73:b7:0f, Apple, Inc., , -71
2017-11-14T22:47:29.719110, 2c:f0:a2:73:b7:0f, Apple, Inc., , -73
2017-11-14T22:47:39.864729, c0:9f:05:35:c8:c7, GUANGDONG OPPO MOBILE TELECOMMUNICATIONS CORP.,LTD, , -73
2017-11-14T22:47:40.822043, 3c:95:09:5d:2e:b9, UNKNOWN, , -73
2017-11-14T22:47:41.946677, a4:84:31:34:48:ad, Samsung Electronics Co.,Ltd, ChulaWiFi, -59
2017-11-14T22:47:41.975995, a4:84:31:34:48:ad, Samsung Electronics Co.,Ltd, ChulaWiFi, -59
2017-11-14T22:47:51.521328, 58:00:e3:d7:9e:33, Liteon Technology Corporation, ChulaWiFi, -67
2017-11-14T22:47:51.541840, 58:00:e3:d7:9e:33, Liteon Technology Corporation, ChulaWiFi, -67
2017-11-14T22:47:51.560259, 58:00:e3:d7:9e:33, Liteon Technology Corporation, ChulaWiFi, -67
2017-11-14T22:47:52.408572, 58:00:e3:d7:9e:33, Liteon Technology Corporation, ChulaWiFi, -67
2017-11-14T22:47:55.377659, a0:88:69:81:92:aa, Intel Corporate, ChulaWiFi, -15
2017-11-14T22:47:57.613210, a4:84:31:34:48:ad, Samsung Electronics Co.,Ltd, ChulaWiFi, -55
2017-11-14T22:47:57.650743, a4:84:31:34:48:ad, Samsung Electronics Co.,Ltd, ChulaWiFi, -57
2017-11-14T22:48:02.289637, 2a:d2:24:5a:2f:e8, UNKNOWN, , -75
2017-11-14T22:48:02.377436, 2a:d2:24:5a:2f:e8, UNKNOWN, , -71
2017-11-14T22:48:06.317623, 48:d2:24:5a:2f:e8, Liteon Technology Corporation, , -73
2017-11-14T22:48:06.399216, 48:d2:24:5a:2f:e8, Liteon Technology Corporation, , -71
2017-11-14T22:48:10.988844, a4:84:31:34:48:ad, Samsung Electronics Co.,Ltd, ChulaWiFi, -51
2017-11-14T22:48:11.064314, a4:84:31:34:48:ad, Samsung Electronics Co.,Ltd, ChulaWiFi, -49
2017-11-14T22:48:12.588753, b8:27:eb:48:63:43, Raspberry Pi Foundation, , -3
2017-11-14T22:48:12.635438, b8:27:eb:48:63:43, Raspberry Pi Foundation, , -3
2017-11-14T22:48:12.856237, b8:27:eb:48:63:43, Raspberry Pi Foundation, , -13
2017-11-14T22:48:12.862941, b8:27:eb:48:63:43, Raspberry Pi Foundation, , -25
2017-11-14T22:48:13.081051, b8:27:eb:48:63:43, Raspberry Pi Foundation, , -35
2017-11-14T22:48:14.540785, a4:84:31:34:48:ad, Samsung Electronics Co.,Ltd, ChulaWiFi, -59
2017-11-14T22:48:14.601057, a4:84:31:34:48:ad, Samsung Electronics Co.,Ltd, ChulaWiFi, -59
